

*******************************************************************************
Thu Apr 17 16:39:21 2025


FIT:    data read from 'data_Sn' using 5:($2*-1)
        format = x:z
        #datapoints = 5
        residuals are weighted equally (unit weight)

function used for fitting: Mx_model_Sn(x)
	Mx_model_Sn(x) = n_Sn + q22_Sn * x
fitted parameters initialized with current variable values

Warning: Initial value of parameter 'n_Sn' is zero.
Warning: Initial value of parameter 'q22_Sn' is zero.
iter      chisq       delta/lim  lambda   n_Sn          q22_Sn       
   0 4.8200000000e-03   0.00e+00  7.10e-01    1.000000e-30   1.000000e-30
   4 1.5045912312e-03  -8.78e-04  7.10e-05   -1.924681e-02   1.025184e-01

After 4 iterations the fit converged.
final sum of squares of residuals : 0.00150459
rel. change during last iteration : -8.78107e-09

degrees of freedom    (FIT_NDF)                        : 3
rms of residuals      (FIT_STDFIT) = sqrt(WSSR/ndf)    : 0.0223949
variance of residuals (reduced chisquare) = WSSR/ndf   : 0.00050153

Final set of parameters            Asymptotic Standard Error
=======================            ==========================
n_Sn            = -0.0192468       +/- 0.01182      (61.4%)
q22_Sn          = 0.102518         +/- 0.1248       (121.7%)

correlation matrix of the fit parameters:
                n_Sn   q22_Sn 
n_Sn            1.000 
q22_Sn          0.531  1.000 


*******************************************************************************
Thu Apr 17 16:39:21 2025


FIT:    data read from 'data_Ge' using 5:($2*-1)
        format = x:z
        #datapoints = 5
        residuals are weighted equally (unit weight)

function used for fitting: Mx_model_Ge(x)
	Mx_model_Ge(x) = n_Ge + q22_Ge * x
fitted parameters initialized with current variable values

Warning: Initial value of parameter 'n_Ge' is zero.
Warning: Initial value of parameter 'q22_Ge' is zero.
iter      chisq       delta/lim  lambda   n_Ge          q22_Ge       
   0 7.9300000000e-03   0.00e+00  3.43e+00    1.000000e-30   1.000000e-30
   4 7.5176885214e-05  -9.77e-05  3.43e-04    3.426449e-03  -8.933718e-03

After 4 iterations the fit converged.
final sum of squares of residuals : 7.51769e-05
rel. change during last iteration : -9.76983e-10

degrees of freedom    (FIT_NDF)                        : 3
rms of residuals      (FIT_STDFIT) = sqrt(WSSR/ndf)    : 0.00500589
variance of residuals (reduced chisquare) = WSSR/ndf   : 2.5059e-05

Final set of parameters            Asymptotic Standard Error
=======================            ==========================
n_Ge            = 0.00342645       +/- 0.003882     (113.3%)
q22_Ge          = -0.00893372      +/- 0.0008182    (9.158%)

correlation matrix of the fit parameters:
                n_Ge   q22_Ge 
n_Ge            1.000 
q22_Ge         -0.817  1.000 


*******************************************************************************
Thu Apr 17 16:41:30 2025


FIT:    data read from 'data_Sn' using 5:($2*-1)
        format = x:z
        #datapoints = 5
        residuals are weighted equally (unit weight)

function used for fitting: Mx_model_Sn(x)
	Mx_model_Sn(x) = n_Sn + q22_Sn * x
fitted parameters initialized with current variable values

Warning: Initial value of parameter 'n_Sn' is zero.
Warning: Initial value of parameter 'q22_Sn' is zero.
iter      chisq       delta/lim  lambda   n_Sn          q22_Sn       
   0 4.8200000000e-03   0.00e+00  7.10e-01    1.000000e-30   1.000000e-30
   4 1.5045912312e-03  -8.78e-04  7.10e-05   -1.924681e-02   1.025184e-01

After 4 iterations the fit converged.
final sum of squares of residuals : 0.00150459
rel. change during last iteration : -8.78107e-09

degrees of freedom    (FIT_NDF)                        : 3
rms of residuals      (FIT_STDFIT) = sqrt(WSSR/ndf)    : 0.0223949
variance of residuals (reduced chisquare) = WSSR/ndf   : 0.00050153

Final set of parameters            Asymptotic Standard Error
=======================            ==========================
n_Sn            = -0.0192468       +/- 0.01182      (61.4%)
q22_Sn          = 0.102518         +/- 0.1248       (121.7%)

correlation matrix of the fit parameters:
                n_Sn   q22_Sn 
n_Sn            1.000 
q22_Sn          0.531  1.000 


*******************************************************************************
Thu Apr 17 16:41:30 2025


FIT:    data read from 'data_Ge' using 5:($2*-1)
        format = x:z
        #datapoints = 5
        residuals are weighted equally (unit weight)

function used for fitting: Mx_model_Ge(x)
	Mx_model_Ge(x) = n_Ge + q22_Ge * x
fitted parameters initialized with current variable values

Warning: Initial value of parameter 'n_Ge' is zero.
Warning: Initial value of parameter 'q22_Ge' is zero.
iter      chisq       delta/lim  lambda   n_Ge          q22_Ge       
   0 7.9300000000e-03   0.00e+00  3.43e+00    1.000000e-30   1.000000e-30
   4 7.5176885214e-05  -9.77e-05  3.43e-04    3.426449e-03  -8.933718e-03

After 4 iterations the fit converged.
final sum of squares of residuals : 7.51769e-05
rel. change during last iteration : -9.76983e-10

degrees of freedom    (FIT_NDF)                        : 3
rms of residuals      (FIT_STDFIT) = sqrt(WSSR/ndf)    : 0.00500589
variance of residuals (reduced chisquare) = WSSR/ndf   : 2.5059e-05

Final set of parameters            Asymptotic Standard Error
=======================            ==========================
n_Ge            = 0.00342645       +/- 0.003882     (113.3%)
q22_Ge          = -0.00893372      +/- 0.0008182    (9.158%)

correlation matrix of the fit parameters:
                n_Ge   q22_Ge 
n_Ge            1.000 
q22_Ge         -0.817  1.000 


*******************************************************************************
Thu Apr 17 16:42:34 2025


FIT:    data read from 'data_Sn' using 4:($2*-1)
        format = x:z
        #datapoints = 5
        residuals are weighted equally (unit weight)

function used for fitting: Mx_model_Sn(x)
	Mx_model_Sn(x) = n_Sn + q22_Sn * x
fitted parameters initialized with current variable values

Warning: Initial value of parameter 'n_Sn' is zero.
Warning: Initial value of parameter 'q22_Sn' is zero.
iter      chisq       delta/lim  lambda   n_Sn          q22_Sn       
   0 4.8200000000e-03   0.00e+00  2.84e+00    1.000000e-30   1.000000e-30
   4 9.7287489311e-05  -8.28e-06  2.84e-04    1.849401e-03  -8.276808e-03

After 4 iterations the fit converged.
final sum of squares of residuals : 9.72875e-05
rel. change during last iteration : -8.27683e-11

degrees of freedom    (FIT_NDF)                        : 3
rms of residuals      (FIT_STDFIT) = sqrt(WSSR/ndf)    : 0.00569466
variance of residuals (reduced chisquare) = WSSR/ndf   : 3.24292e-05

Final set of parameters            Asymptotic Standard Error
=======================            ==========================
n_Sn            = 0.0018494        +/- 0.004391     (237.4%)
q22_Sn          = -0.00827681      +/- 0.001128     (13.63%)

correlation matrix of the fit parameters:
                n_Sn   q22_Sn 
n_Sn            1.000 
q22_Sn         -0.815  1.000 


*******************************************************************************
Thu Apr 17 16:42:34 2025


FIT:    data read from 'data_Ge' using 4:($2*-1)
        format = x:z
        #datapoints = 5
        residuals are weighted equally (unit weight)

function used for fitting: Mx_model_Ge(x)
	Mx_model_Ge(x) = n_Ge + q22_Ge * x
fitted parameters initialized with current variable values

Warning: Initial value of parameter 'n_Ge' is zero.
Warning: Initial value of parameter 'q22_Ge' is zero.
iter      chisq       delta/lim  lambda   n_Ge          q22_Ge       
   0 7.9300000000e-03   0.00e+00  7.36e-01    1.000000e-30   1.000000e-30
   3 2.9481704209e-03  -2.77e-01  7.36e-04   -2.840124e-02  -1.918485e-02

After 3 iterations the fit converged.
final sum of squares of residuals : 0.00294817
rel. change during last iteration : -2.77322e-06

degrees of freedom    (FIT_NDF)                        : 3
rms of residuals      (FIT_STDFIT) = sqrt(WSSR/ndf)    : 0.0313484
variance of residuals (reduced chisquare) = WSSR/ndf   : 0.000982723

Final set of parameters            Asymptotic Standard Error
=======================            ==========================
n_Ge            = -0.0284012       +/- 0.01624      (57.18%)
q22_Ge          = -0.0191849       +/- 0.05617      (292.8%)

correlation matrix of the fit parameters:
                n_Ge   q22_Ge 
n_Ge            1.000 
q22_Ge         -0.505  1.000 


*******************************************************************************
Thu Apr 17 16:44:16 2025


FIT:    data read from 'data_Sn' using 4:($2*-1)
        format = x:z
        #datapoints = 5
        residuals are weighted equally (unit weight)

function used for fitting: Mx_model_Sn(x)
	Mx_model_Sn(x) = n_Sn + q22_Sn * x
fitted parameters initialized with current variable values

Warning: Initial value of parameter 'n_Sn' is zero.
Warning: Initial value of parameter 'q22_Sn' is zero.
iter      chisq       delta/lim  lambda   n_Sn          q22_Sn       
   0 4.8200000000e-03   0.00e+00  2.84e+00    1.000000e-30   1.000000e-30
   4 9.4238711829e-05  -1.19e-05  2.84e-04    2.313178e-03  -8.376547e-03

After 4 iterations the fit converged.
final sum of squares of residuals : 9.42387e-05
rel. change during last iteration : -1.18709e-10

degrees of freedom    (FIT_NDF)                        : 3
rms of residuals      (FIT_STDFIT) = sqrt(WSSR/ndf)    : 0.00560472
variance of residuals (reduced chisquare) = WSSR/ndf   : 3.14129e-05

Final set of parameters            Asymptotic Standard Error
=======================            ==========================
n_Sn            = 0.00231318       +/- 0.00437      (188.9%)
q22_Sn          = -0.00837655      +/- 0.001123     (13.4%)

correlation matrix of the fit parameters:
                n_Sn   q22_Sn 
n_Sn            1.000 
q22_Sn         -0.819  1.000 


*******************************************************************************
Thu Apr 17 16:44:16 2025


FIT:    data read from 'data_Ge' using 4:($2*-1)
        format = x:z
BREAK: No data to fit

*******************************************************************************
Sat Apr 19 08:50:37 2025


FIT:    data read from 'data_Sn' using 4:($2*-1)
        format = x:z
        #datapoints = 5
        residuals are weighted equally (unit weight)

function used for fitting: Mx_model_Sn(x)
	Mx_model_Sn(x) = n_Sn + q22_Sn * x
fitted parameters initialized with current variable values

Warning: Initial value of parameter 'n_Sn' is zero.
Warning: Initial value of parameter 'q22_Sn' is zero.
iter      chisq       delta/lim  lambda   n_Sn          q22_Sn       
   0 4.8200000000e-03   0.00e+00  2.84e+00    1.000000e-30   1.000000e-30
   4 9.4238711829e-05  -1.19e-05  2.84e-04    2.313178e-03  -8.376547e-03

After 4 iterations the fit converged.
final sum of squares of residuals : 9.42387e-05
rel. change during last iteration : -1.18709e-10

degrees of freedom    (FIT_NDF)                        : 3
rms of residuals      (FIT_STDFIT) = sqrt(WSSR/ndf)    : 0.00560472
variance of residuals (reduced chisquare) = WSSR/ndf   : 3.14129e-05

Final set of parameters            Asymptotic Standard Error
=======================            ==========================
n_Sn            = 0.00231318       +/- 0.00437      (188.9%)
q22_Sn          = -0.00837655      +/- 0.001123     (13.4%)

correlation matrix of the fit parameters:
                n_Sn   q22_Sn 
n_Sn            1.000 
q22_Sn         -0.819  1.000 


*******************************************************************************
Sat Apr 19 08:50:37 2025


FIT:    data read from 'data_Ge' using 4:($2*-1)
        format = x:z
        #datapoints = 5
        residuals are weighted equally (unit weight)

function used for fitting: Mx_model_Ge(x)
	Mx_model_Ge(x) = n_Ge + q22_Ge * x
fitted parameters initialized with current variable values

Warning: Initial value of parameter 'n_Ge' is zero.
Warning: Initial value of parameter 'q22_Ge' is zero.
iter      chisq       delta/lim  lambda   n_Ge          q22_Ge       
   0 1.0386000000e-02   0.00e+00  3.75e+00    1.000000e-30   1.000000e-30
   4 1.5735840719e-04  -1.60e-04  3.75e-04    4.431872e-03  -9.387706e-03

After 4 iterations the fit converged.
final sum of squares of residuals : 0.000157358
rel. change during last iteration : -1.60201e-09

degrees of freedom    (FIT_NDF)                        : 3
rms of residuals      (FIT_STDFIT) = sqrt(WSSR/ndf)    : 0.00724243
variance of residuals (reduced chisquare) = WSSR/ndf   : 5.24528e-05

Final set of parameters            Asymptotic Standard Error
=======================            ==========================
n_Ge            = 0.00443187       +/- 0.005776     (130.3%)
q22_Ge          = -0.00938771      +/- 0.00111      (11.83%)

correlation matrix of the fit parameters:
                n_Ge   q22_Ge 
n_Ge            1.000 
q22_Ge         -0.828  1.000 


*******************************************************************************
Sat Apr 19 08:54:30 2025


FIT:    data read from 'data_Sn' using 4:($2*-1)
        format = x:z
        #datapoints = 5
        residuals are weighted equally (unit weight)

function used for fitting: Mx_model_Sn(x)
	Mx_model_Sn(x) = n_Sn + q21_Sn * x
fitted parameters initialized with current variable values

Warning: Initial value of parameter 'n_Sn' is zero.
iter      chisq       delta/lim  lambda   n_Sn          q21_Sn       
   0 7.6976397169e+01   0.00e+00  2.75e+00    1.000000e-30   1.000000e+00
BREAK: Singular matrix in Invert_RtR

*******************************************************************************
Sat Apr 19 08:54:30 2025


FIT:    data read from 'data_Ge' using 4:($2*-1)
        format = x:z
        #datapoints = 5
        residuals are weighted equally (unit weight)

function used for fitting: Mx_model_Ge(x)
	Mx_model_Ge(x) = n_Ge + q21_Ge * x
fitted parameters initialized with current variable values

Warning: Initial value of parameter 'n_Ge' is zero.
iter      chisq       delta/lim  lambda   n_Ge          q21_Ge       
   0 1.3764209889e+02   0.00e+00  3.69e+00    1.000000e-30   1.000000e+00
   4 1.8823700288e-04  -6.29e-08  3.69e-04    8.974550e-31  -8.682234e-03

After 4 iterations the fit converged.
final sum of squares of residuals : 0.000188237
rel. change during last iteration : -6.29399e-13

degrees of freedom    (FIT_NDF)                        : 3
rms of residuals      (FIT_STDFIT) = sqrt(WSSR/ndf)    : 0.00792122
variance of residuals (reduced chisquare) = WSSR/ndf   : 6.27457e-05

Final set of parameters            Asymptotic Standard Error
=======================            ==========================
n_Ge            = 8.97455e-31      +/- 7.65e-05     (0%)
q21_Ge          = -0.00868223      +/- 0.000681     (7.844%)

correlation matrix of the fit parameters:
                n_Ge   q21_Ge 
n_Ge            1.000 
q21_Ge          0.000  1.000 


*******************************************************************************
Sat Apr 19 09:09:10 2025


FIT:    data read from 'data_Sn' using 4:($2*-1)
        format = x:z
        #datapoints = 5
        residuals are weighted equally (unit weight)

function used for fitting: Mx_model_Sn(x)
	Mx_model_Sn(x) = n_Sn + q21_Sn * x
fitted parameters initialized with current variable values

Warning: Initial value of parameter 'n_Sn' is zero.
iter      chisq       delta/lim  lambda   n_Sn          q21_Sn       
   0 7.6976397169e+01   0.00e+00  2.75e+00    1.000000e-30   1.000000e+00
BREAK: Singular matrix in Invert_RtR

*******************************************************************************
Sat Apr 19 09:09:10 2025


FIT:    data read from 'data_Ge' using 4:($2*-1)
        format = x:z
        #datapoints = 5
        residuals are weighted equally (unit weight)

function used for fitting: Mx_model_Ge(x)
	Mx_model_Ge(x) = n_Ge + q21_Ge * x
fitted parameters initialized with current variable values

Warning: Initial value of parameter 'n_Ge' is zero.
iter      chisq       delta/lim  lambda   n_Ge          q21_Ge       
   0 1.3764209889e+02   0.00e+00  3.69e+00    1.000000e-30   1.000000e+00
   4 1.8823700288e-04  -6.29e-08  3.69e-04    8.974550e-31  -8.682234e-03

After 4 iterations the fit converged.
final sum of squares of residuals : 0.000188237
rel. change during last iteration : -6.29399e-13

degrees of freedom    (FIT_NDF)                        : 3
rms of residuals      (FIT_STDFIT) = sqrt(WSSR/ndf)    : 0.00792122
variance of residuals (reduced chisquare) = WSSR/ndf   : 6.27457e-05

Final set of parameters            Asymptotic Standard Error
=======================            ==========================
n_Ge            = 8.97455e-31      +/- 7.65e-05     (0%)
q21_Ge          = -0.00868223      +/- 0.000681     (7.844%)

correlation matrix of the fit parameters:
                n_Ge   q21_Ge 
n_Ge            1.000 
q21_Ge          0.000  1.000 


*******************************************************************************
Sat Apr 19 09:11:10 2025


FIT:    data read from 'data_Sn' using 4:($2*-1)
        format = x:z
        #datapoints = 5
        residuals are weighted equally (unit weight)

function used for fitting: Mx_model_Sn(x)
	Mx_model_Sn(x) = n_Sn + q21_Sn * x
fitted parameters initialized with current variable values

Warning: Initial value of parameter 'n_Sn' is zero.
iter      chisq       delta/lim  lambda   n_Sn          q21_Sn       
   0 7.6976397169e+01   0.00e+00  2.75e+00    1.000000e-30   1.000000e+00
BREAK: Singular matrix in Invert_RtR

*******************************************************************************
Sat Apr 19 09:11:10 2025


FIT:    data read from 'data_Ge' using 4:($2*-1)
        format = x:z
        #datapoints = 5
        residuals are weighted equally (unit weight)

function used for fitting: Mx_model_Ge(x)
	Mx_model_Ge(x) = n_Ge + q21_Ge * x
fitted parameters initialized with current variable values

Warning: Initial value of parameter 'n_Ge' is zero.
iter      chisq       delta/lim  lambda   n_Ge          q21_Ge       
   0 1.3764209889e+02   0.00e+00  3.69e+00    1.000000e-30   1.000000e+00
   4 1.8823700288e-04  -6.29e-08  3.69e-04    8.974550e-31  -8.682234e-03

After 4 iterations the fit converged.
final sum of squares of residuals : 0.000188237
rel. change during last iteration : -6.29399e-13

degrees of freedom    (FIT_NDF)                        : 3
rms of residuals      (FIT_STDFIT) = sqrt(WSSR/ndf)    : 0.00792122
variance of residuals (reduced chisquare) = WSSR/ndf   : 6.27457e-05

Final set of parameters            Asymptotic Standard Error
=======================            ==========================
n_Ge            = 8.97455e-31      +/- 7.65e-05     (0%)
q21_Ge          = -0.00868223      +/- 0.000681     (7.844%)

correlation matrix of the fit parameters:
                n_Ge   q21_Ge 
n_Ge            1.000 
q21_Ge          0.000  1.000 
